Using pre-set license

 COMMAND LINE ARGUMENTS:
/Applications/Unity/Hub/Editor/2020.2.5f1/Unity.app/Contents/MacOS/Unity
-adb2
-batchMode
-noUpm
-name
AssetImportWorker0
-projectPath
/Users/matt/Documents/unity-cookbook-2018-ch04-11_dynamic_soundtrack_snapshots
-logFile
Logs/AssetImportWorker0.log
-srvPort
55367
Successfully changed project path to: /Users/matt/Documents/unity-cookbook-2018-ch04-11_dynamic_soundtrack_snapshots
/Users/matt/Documents/unity-cookbook-2018-ch04-11_dynamic_soundtrack_snapshots
Using Asset Import Pipeline V2.
Refreshing native plugins compatible for Editor in 21.83 ms, found 1 plugins.
Preloading 0 native plugins for Editor in 0.00 ms.
Initialize engine version: 2020.2.5f1 (e2c53f129de5)
[Subsystems] Discovering subsystems at path /Applications/Unity/Hub/Editor/2020.2.5f1/Unity.app/Contents/Resources/UnitySubsystems
[Subsystems] Discovering subsystems at path /Users/matt/Documents/unity-cookbook-2018-ch04-11_dynamic_soundtrack_snapshots/Assets
GfxDevice: creating device client; threaded=0
2021-03-18 18:35:39.764 Unity[4558:399859] iMac preferred device: AMD Radeon Pro 560X (high power)
2021-03-18 18:35:39.764 Unity[4558:399859] Metal devices available: 2
2021-03-18 18:35:39.764 Unity[4558:399859] 0: AMD Radeon Pro 560X (high power)
2021-03-18 18:35:39.764 Unity[4558:399859] 1: Intel(R) UHD Graphics 630 (low power)
2021-03-18 18:35:39.765 Unity[4558:399859] Using device AMD Radeon Pro 560X (high power)
Initializing Metal device caps: AMD Radeon Pro 560X
Initialize mono
Mono path[0] = '/Applications/Unity/Hub/Editor/2020.2.5f1/Unity.app/Contents/Managed'
Mono path[1] = '/Applications/Unity/Hub/Editor/2020.2.5f1/Unity.app/Contents/MonoBleedingEdge/lib/mono/unityjit'
Mono config path = '/Applications/Unity/Hub/Editor/2020.2.5f1/Unity.app/Contents/MonoBleedingEdge/etc'
Using monoOptions --debugger-agent=transport=dt_socket,embedding=1,server=y,suspend=n,address=127.0.0.1:56558
Begin MonoManager ReloadAssembly
Registering precompiled unity dll's ...
Register platform support module: /Applications/Unity/Hub/Editor/2020.2.5f1/Unity.app/Contents/PlaybackEngines/MacStandaloneSupport/UnityEditor.OSXStandalone.Extensions.dll
Registered in 0.000309 seconds.
Native extension for OSXStandalone target not found
Refreshing native plugins compatible for Editor in 24.99 ms, found 1 plugins.
Preloading 0 native plugins for Editor in 0.00 ms.
Invoked RoslynAnalysisRunner static constructor.
RoslynAnalysisRunner will not be running.
RoslynAnalysisRunner has terminated.
Mono: successfully reloaded assembly
- Completed reload, in  1.158 seconds
Platform modules already initialized, skipping
Registering precompiled user dll's ...
Registered in 0.000357 seconds.
Begin MonoManager ReloadAssembly
Native extension for OSXStandalone target not found
Refreshing native plugins compatible for Editor in 0.20 ms, found 1 plugins.
Preloading 0 native plugins for Editor in 0.00 ms.
Invoked RoslynAnalysisRunner static constructor.
RoslynAnalysisRunner will not be running.
RoslynAnalysisRunner has terminated.
Mono: successfully reloaded assembly
- Completed reload, in  1.039 seconds
Platform modules already initialized, skipping
========================================================================
Worker process is ready to serve import requests
Launching external process: /Applications/Unity/Hub/Editor/2020.2.5f1/Unity.app/Contents/Tools/UnityShaderCompiler
Launched and connected shader compiler UnityShaderCompiler after 0.01 seconds
Refreshing native plugins compatible for Editor in 0.20 ms, found 1 plugins.
Preloading 0 native plugins for Editor in 0.00 ms.
Unloading 1106 Unused Serialized files (Serialized files now loaded: 0)
System memory in use before: 108.1 MB.
System memory in use after: 108.1 MB.

Unloading 9 unused Assets to reduce memory usage. Loaded Objects now: 1548.
Total: 1.781328 ms (FindLiveObjects: 0.168893 ms CreateObjectMapping: 0.047932 ms MarkObjects: 1.485273 ms  DeleteObjects: 0.078056 ms)

========================================================================
Received Import Request.
  path: Assets/completed_project_scene/completed_project.unity
  artifactKey: Guid(07cc2598f72fc4d99b3b351041abe5cd) Importer(815301076,1909f56bfc062723c751e8b465ee728b)
Start importing Assets/completed_project_scene/completed_project.unity using Guid(07cc2598f72fc4d99b3b351041abe5cd) Importer(815301076,1909f56bfc062723c751e8b465ee728b)  -> (artifact id: '09d061b0486ca5f2b7432d756e3da6ce') in 0.012171 seconds
  Import took 0.014211 seconds .

========================================================================
Received Import Request.
  Time since last request: 0.000206 seconds.
  path: Assets/completed_project_scene/Mixer-music.mixer
  artifactKey: Guid(63ee005dd854942af9e7e37e3c06b646) Importer(815301076,1909f56bfc062723c751e8b465ee728b)
Start importing Assets/completed_project_scene/Mixer-music.mixer using Guid(63ee005dd854942af9e7e37e3c06b646) Importer(815301076,1909f56bfc062723c751e8b465ee728b)  -> (artifact id: 'a340cd7e54c4d4783e9e9ad8aeab3f43') in 0.279323 seconds
  Import took 0.281059 seconds .

========================================================================
Received Import Request.
  Time since last request: 18.625531 seconds.
  path: Assets/DynamicSoundtrack/_Scripts/SmoothFollow.js
  artifactKey: Guid(885b1972ad11a921d000d37b8d76c639) Importer(815301076,1909f56bfc062723c751e8b465ee728b)
Start importing Assets/DynamicSoundtrack/_Scripts/SmoothFollow.js using Guid(885b1972ad11a921d000d37b8d76c639) Importer(815301076,1909f56bfc062723c751e8b465ee728b)  -> (artifact id: 'a8f233962f66ba056562ded6e21a2852') in 0.156649 seconds
  Import took 0.158587 seconds .

========================================================================
Received Prepare
Registering precompiled user dll's ...
Registered in 0.000251 seconds.
Begin MonoManager ReloadAssembly
Native extension for OSXStandalone target not found
Refreshing native plugins compatible for Editor in 0.19 ms, found 1 plugins.
Preloading 0 native plugins for Editor in 0.00 ms.
Invoked RoslynAnalysisRunner static constructor.
RoslynAnalysisRunner will not be running.
RoslynAnalysisRunner has terminated.
Mono: successfully reloaded assembly
- Completed reload, in  0.811 seconds
Platform modules already initialized, skipping
Refreshing native plugins compatible for Editor in 0.20 ms, found 1 plugins.
Preloading 0 native plugins for Editor in 0.00 ms.
Unloading 1101 Unused Serialized files (Serialized files now loaded: 0)
System memory in use before: 117.4 MB.
System memory in use after: 117.5 MB.

Unloading 4 unused Assets to reduce memory usage. Loaded Objects now: 1551.
Total: 1.621118 ms (FindLiveObjects: 0.161083 ms CreateObjectMapping: 0.068373 ms MarkObjects: 1.371685 ms  DeleteObjects: 0.018899 ms)

========================================================================
Received Prepare
Registering precompiled user dll's ...
Registered in 0.000309 seconds.
Begin MonoManager ReloadAssembly
Native extension for OSXStandalone target not found
Refreshing native plugins compatible for Editor in 0.19 ms, found 1 plugins.
Preloading 0 native plugins for Editor in 0.00 ms.
Invoked RoslynAnalysisRunner static constructor.
RoslynAnalysisRunner will not be running.
RoslynAnalysisRunner has terminated.
Mono: successfully reloaded assembly
- Completed reload, in  0.829 seconds
Platform modules already initialized, skipping
Refreshing native plugins compatible for Editor in 0.17 ms, found 1 plugins.
Preloading 0 native plugins for Editor in 0.00 ms.
Unloading 1101 Unused Serialized files (Serialized files now loaded: 0)
System memory in use before: 117.6 MB.
System memory in use after: 117.7 MB.

Unloading 4 unused Assets to reduce memory usage. Loaded Objects now: 1553.
Total: 1.429799 ms (FindLiveObjects: 0.136090 ms CreateObjectMapping: 0.029295 ms MarkObjects: 1.247642 ms  DeleteObjects: 0.015852 ms)

AssetImportWorkerClient::OnTransportError - code=2 error=End of file
